2018-10-08 09:58:23.256 [main] INFO  top.buukle.consumer.CmsApplication - The following profiles are active: dev,dev-security
2018-10-08 09:58:26.588 [localhost-startStop-1] WARN  com.netflix.config.sources.URLConfigurationSource - No URLs will be polled as dynamic configuration sources.
2018-10-08 09:58:26.595 [localhost-startStop-1] INFO  com.netflix.config.sources.URLConfigurationSource - To enable URLs as dynamic configuration sources, define System property archaius.configurationSource.additionalUrls or make config.properties available on classpath.
2018-10-08 09:58:26.617 [localhost-startStop-1] INFO  com.netflix.config.DynamicPropertyFactory - DynamicPropertyFactory is initialized with configuration sources: com.netflix.config.ConcurrentCompositeConfiguration@1768ef3
2018-10-08 09:58:28.826 [main] INFO  t.b.plugin.security.plugins.SecurityInterceptor - top.buukle.plugin.security.plugins.SecurityInterceptor.getDefaultValueAndPrintLog(SecurityInterceptor.java:467)[sid:[currentId=1]] buukle-security :ApplicationName 配置没有找到,将使用默认值:default applicationName
2018-10-08 09:58:28.833 [main] INFO  t.b.plugin.security.plugins.SecurityInterceptor - top.buukle.plugin.security.plugins.SecurityInterceptor.getDefaultValueAndPrintLog(SecurityInterceptor.java:467)[sid:[currentId=1]] buukle-security :DefaultMaxAge 配置没有找到,将使用默认值:300
2018-10-08 09:58:28.840 [main] INFO  t.b.plugin.security.plugins.SecurityInterceptor - top.buukle.plugin.security.plugins.SecurityInterceptor.getDefaultValueAndPrintLog(SecurityInterceptor.java:467)[sid:[currentId=1]] buukle-security :SsoDomain 配置没有找到,将使用默认值:localhost
2018-10-08 09:58:28.840 [main] INFO  t.b.plugin.security.plugins.SecurityInterceptor - top.buukle.plugin.security.plugins.SecurityInterceptor.getDefaultValueAndPrintLog(SecurityInterceptor.java:467)[sid:[currentId=1]] buukle-security :LoginOutStrategy 配置没有找到,将使用默认值:1
2018-10-08 09:58:28.846 [main] INFO  t.b.plugin.security.plugins.SecurityInterceptor - top.buukle.plugin.security.plugins.SecurityInterceptor.getDefaultValueAndPrintLog(SecurityInterceptor.java:467)[sid:[currentId=1]] buukle-security :VerificationCodeKey 配置没有找到,将使用默认值:verificationCode
2018-10-08 09:58:28.847 [main] INFO  t.b.plugin.security.plugins.SecurityInterceptor - top.buukle.plugin.security.plugins.SecurityInterceptor.getDefaultValueAndPrintLog(SecurityInterceptor.java:467)[sid:[currentId=1]] buukle-security :CaCheStrategyKey 配置没有找到,将使用默认值:caCheStrategy
2018-10-08 09:58:28.848 [main] INFO  t.b.plugin.security.plugins.SecurityInterceptor - top.buukle.plugin.security.plugins.SecurityInterceptor.getDefaultValueAndPrintLog(SecurityInterceptor.java:467)[sid:[currentId=1]] buukle-security :OpenAuth 配置没有找到,将使用默认值:1
2018-10-08 09:58:28.848 [main] INFO  t.b.plugin.security.plugins.SecurityInterceptor - top.buukle.plugin.security.plugins.SecurityInterceptor.getDefaultValueAndPrintLog(SecurityInterceptor.java:467)[sid:[currentId=1]] buukle-security :CloseVerification 配置没有找到,将使用默认值:0
2018-10-08 09:58:28.854 [main] INFO  t.b.plugin.security.plugins.SecurityInterceptor - top.buukle.plugin.security.plugins.SecurityInterceptor.getDefaultValueAndPrintLog(SecurityInterceptor.java:467)[sid:[currentId=1]] buukle-security :VerificationImgPath 配置没有找到,将使用默认值:/getVerificationImg
2018-10-08 09:58:28.854 [main] INFO  t.b.plugin.security.plugins.SecurityInterceptor - top.buukle.plugin.security.plugins.SecurityInterceptor.getDefaultValueAndPrintLog(SecurityInterceptor.java:467)[sid:[currentId=1]] buukle-security :DoLoginPath 配置没有找到,将使用默认值:/doLogin
2018-10-08 09:58:28.854 [main] INFO  t.b.plugin.security.plugins.SecurityInterceptor - top.buukle.plugin.security.plugins.SecurityInterceptor.getDefaultValueAndPrintLog(SecurityInterceptor.java:467)[sid:[currentId=1]] buukle-security :LoginPath 配置没有找到,将使用默认值:/login
2018-10-08 09:58:28.855 [main] INFO  t.b.plugin.security.plugins.SecurityInterceptor - top.buukle.plugin.security.plugins.SecurityInterceptor.getDefaultValueAndPrintLog(SecurityInterceptor.java:467)[sid:[currentId=1]] buukle-security :IndexPath 配置没有找到,将使用默认值:/index
2018-10-08 09:58:28.861 [main] INFO  t.b.plugin.security.plugins.SecurityInterceptor - top.buukle.plugin.security.plugins.SecurityInterceptor.getDefaultValueAndPrintLog(SecurityInterceptor.java:467)[sid:[currentId=1]] buukle-security :OutOfTimePath 配置没有找到,将使用默认值:/outOfTime
2018-10-08 09:58:28.861 [main] INFO  t.b.plugin.security.plugins.SecurityInterceptor - top.buukle.plugin.security.plugins.SecurityInterceptor.getDefaultValueAndPrintLog(SecurityInterceptor.java:467)[sid:[currentId=1]] buukle-security :NoPermissionPath 配置没有找到,将使用默认值:/noPermission
2018-10-08 09:58:28.862 [main] INFO  t.b.plugin.security.plugins.SecurityInterceptor - top.buukle.plugin.security.plugins.SecurityInterceptor.getDefaultValueAndPrintLog(SecurityInterceptor.java:467)[sid:[currentId=1]] buukle-security :ErrorPagePath 配置没有找到,将使用默认值:/errors
2018-10-08 09:58:28.862 [main] INFO  t.b.plugin.security.plugins.SecurityInterceptor - top.buukle.plugin.security.plugins.SecurityInterceptor.getDefaultValueAndPrintLog(SecurityInterceptor.java:467)[sid:[currentId=1]] buukle-security :LogoutPath 配置没有找到,将使用默认值:/logout
2018-10-08 09:58:28.862 [main] INFO  t.b.plugin.security.plugins.SecurityInterceptor - top.buukle.plugin.security.plugins.SecurityInterceptor.getDefaultValueAndPrintLog(SecurityInterceptor.java:467)[sid:[currentId=1]] buukle-security :LoginViewName 配置没有找到,将使用默认值:login
2018-10-08 09:58:28.864 [main] INFO  t.b.plugin.security.plugins.SecurityInterceptor - top.buukle.plugin.security.plugins.SecurityInterceptor.getDefaultValueAndPrintLog(SecurityInterceptor.java:467)[sid:[currentId=1]] buukle-security :IndexViewName 配置没有找到,将使用默认值:index
2018-10-08 09:58:28.864 [main] INFO  t.b.plugin.security.plugins.SecurityInterceptor - top.buukle.plugin.security.plugins.SecurityInterceptor.getDefaultValueAndPrintLog(SecurityInterceptor.java:467)[sid:[currentId=1]] buukle-security :OutOfTimeViewName 配置没有找到,将使用默认值:outOfTime
2018-10-08 09:58:28.864 [main] INFO  t.b.plugin.security.plugins.SecurityInterceptor - top.buukle.plugin.security.plugins.SecurityInterceptor.getDefaultValueAndPrintLog(SecurityInterceptor.java:467)[sid:[currentId=1]] buukle-security :noPermissionViewName 配置没有找到,将使用默认值:noPermission
2018-10-08 09:58:28.865 [main] INFO  t.b.plugin.security.plugins.SecurityInterceptor - top.buukle.plugin.security.plugins.SecurityInterceptor.getDefaultValueAndPrintLog(SecurityInterceptor.java:467)[sid:[currentId=1]] buukle-security :ErrorPageViewName 配置没有找到,将使用默认值:error
2018-10-08 09:58:28.865 [main] INFO  t.b.plugin.security.plugins.SecurityInterceptor - top.buukle.plugin.security.plugins.SecurityInterceptor.getDefaultValueAndPrintLog(SecurityInterceptor.java:467)[sid:[currentId=1]] buukle-security :LogoutViewName 配置没有找到,将使用默认值:index
2018-10-08 09:58:28.948 [main] WARN  com.netflix.config.sources.URLConfigurationSource - No URLs will be polled as dynamic configuration sources.
2018-10-08 09:58:28.949 [main] INFO  com.netflix.config.sources.URLConfigurationSource - To enable URLs as dynamic configuration sources, define System property archaius.configurationSource.additionalUrls or make config.properties available on classpath.
2018-10-08 09:58:31.926 [main] INFO  com.netflix.discovery.DiscoveryClient - Initializing Eureka in region us-east-1
2018-10-08 09:58:32.254 [main] INFO  c.n.discovery.provider.DiscoveryJerseyProvider - Using JSON encoding codec LegacyJacksonJson
2018-10-08 09:58:32.255 [main] INFO  c.n.discovery.provider.DiscoveryJerseyProvider - Using JSON decoding codec LegacyJacksonJson
2018-10-08 09:58:32.404 [main] INFO  c.n.discovery.provider.DiscoveryJerseyProvider - Using XML encoding codec XStreamXml
2018-10-08 09:58:32.410 [main] INFO  c.n.discovery.provider.DiscoveryJerseyProvider - Using XML decoding codec XStreamXml
2018-10-08 09:58:32.749 [main] INFO  com.netflix.discovery.DiscoveryClient - Disable delta property : false
2018-10-08 09:58:32.749 [main] INFO  com.netflix.discovery.DiscoveryClient - Single vip registry refresh property : null
2018-10-08 09:58:32.750 [main] INFO  com.netflix.discovery.DiscoveryClient - Force full registry fetch : false
2018-10-08 09:58:32.763 [main] INFO  com.netflix.discovery.DiscoveryClient - Application is null : false
2018-10-08 09:58:32.763 [main] INFO  com.netflix.discovery.DiscoveryClient - Registered Applications size is zero : true
2018-10-08 09:58:32.763 [main] INFO  com.netflix.discovery.DiscoveryClient - Application version is -1: true
2018-10-08 09:58:32.763 [main] INFO  com.netflix.discovery.DiscoveryClient - Getting all instance registry info from the eureka server
2018-10-08 09:58:33.000 [main] INFO  com.netflix.discovery.DiscoveryClient - The response status is 200
2018-10-08 09:58:33.003 [main] INFO  com.netflix.discovery.DiscoveryClient - Starting heartbeat executor: renew interval is: 30
2018-10-08 09:58:33.006 [main] INFO  com.netflix.discovery.InstanceInfoReplicator - InstanceInfoReplicator onDemand update allowed rate per min is 4
2018-10-08 09:58:33.010 [main] INFO  com.netflix.discovery.DiscoveryClient - Discovery Client initialized at timestamp 1538963913009 with initial instances count: 1
2018-10-08 09:58:33.047 [main] INFO  com.netflix.discovery.DiscoveryClient - Saw local status change event StatusChangeEvent [timestamp=1538963913047, current=UP, previous=STARTING]
2018-10-08 09:58:33.050 [DiscoveryClient-InstanceInfoReplicator-0] INFO  com.netflix.discovery.DiscoveryClient - DiscoveryClient_BUUKLE-CMS/ELVIN-WORK-PC:buukle-cms:9000: registering service...
2018-10-08 09:58:33.086 [DiscoveryClient-InstanceInfoReplicator-0] INFO  com.netflix.discovery.DiscoveryClient - DiscoveryClient_BUUKLE-CMS/ELVIN-WORK-PC:buukle-cms:9000 - registration status: 204
2018-10-08 09:58:33.100 [main] INFO  top.buukle.consumer.CmsApplication - Started CmsApplication in 12.548 seconds (JVM running for 13.093)
2018-10-08 09:59:59.537 [http-nio-9000-exec-9] INFO  top.buukle.common.aop.InvokerAspect - top.buukle.common.aop.InvokerAspect.logging(InvokerAspect.java:63)[sid:7214040C13A10C4BE4508CF21E250EA3] com.sun.proxy.$Proxy136调用:/api/security/user/doLogin接口开始:
2018-10-08 09:59:59.563 [http-nio-9000-exec-9] INFO  top.buukle.common.aop.InvokerAspect - top.buukle.common.aop.InvokerAspect.logging(InvokerAspect.java:64)[sid:7214040C13A10C4BE4508CF21E250EA3] 请求参数:{"expandParameterString":"300","info":{"loginStrategy":0,"password":"c4ca4238a0b923820dcc509a6f75849b","username":"1"},"requestHead":{"applicationName":"default applicationName","operationDatetime":1538963999530,"operationId":"-1","operationLoginName":"authenticationOrLoginSystem"}}
2018-10-08 09:59:59.942 [http-nio-9000-exec-9] INFO  com.netflix.config.ChainedDynamicProperty - Flipping property: buukle-security.ribbon.ActiveConnectionsLimit to use NEXT property: niws.loadbalancer.availabilityFilteringRule.activeConnectionsLimit = 2147483647
2018-10-08 09:59:59.963 [http-nio-9000-exec-9] INFO  com.netflix.util.concurrent.ShutdownEnabledTimer - Shutdown hook installed for: NFLoadBalancer-PingTimer-buukle-security
2018-10-08 10:00:00.029 [http-nio-9000-exec-9] INFO  com.netflix.loadbalancer.BaseLoadBalancer - Client: buukle-security instantiated a LoadBalancer: DynamicServerListLoadBalancer:{NFLoadBalancer:name=buukle-security,current list of Servers=[],Load balancer stats=Zone stats: {},Server stats: []}ServerList:null
2018-10-08 10:00:00.036 [http-nio-9000-exec-9] INFO  c.n.loadbalancer.DynamicServerListLoadBalancer - Using serverListUpdater PollingServerListUpdater
2018-10-08 10:00:00.063 [http-nio-9000-exec-9] INFO  com.netflix.config.ChainedDynamicProperty - Flipping property: buukle-security.ribbon.ActiveConnectionsLimit to use NEXT property: niws.loadbalancer.availabilityFilteringRule.activeConnectionsLimit = 2147483647
2018-10-08 10:00:00.066 [http-nio-9000-exec-9] INFO  c.n.loadbalancer.DynamicServerListLoadBalancer - DynamicServerListLoadBalancer for client buukle-security initialized: DynamicServerListLoadBalancer:{NFLoadBalancer:name=buukle-security,current list of Servers=[localhost:9500],Load balancer stats=Zone stats: {defaultzone=[Zone:defaultzone;	Instance count:1;	Active connections count: 0;	Circuit breaker tripped count: 0;	Active connections per server: 0.0;]
},Server stats: [[Server:localhost:9500;	Zone:defaultZone;	Total Requests:0;	Successive connection failure:0;	Total blackout seconds:0;	Last connection made:Thu Jan 01 08:00:00 CST 1970;	First connection made: Thu Jan 01 08:00:00 CST 1970;	Active Connections:0;	total failure count in last (1000) msecs:0;	average resp time:0.0;	90 percentile resp time:0.0;	95 percentile resp time:0.0;	min resp time:0.0;	max resp time:0.0;	stddev resp time:0.0]
]}ServerList:org.springframework.cloud.netflix.ribbon.eureka.DomainExtractingServerList@1a92621
2018-10-08 10:00:00.737 [http-nio-9000-exec-9] INFO  top.buukle.common.aop.InvokerAspect - top.buukle.common.aop.InvokerAspect.doAfterReturnint(InvokerAspect.java:79)[sid:7214040C13A10C4BE4508CF21E250EA3] com.sun.proxy.$Proxy136调用/api/security/user/doLogin接口结束:
2018-10-08 10:00:00.744 [http-nio-9000-exec-9] INFO  top.buukle.common.aop.InvokerAspect - top.buukle.common.aop.InvokerAspect.doAfterReturnint(InvokerAspect.java:80)[sid:7214040C13A10C4BE4508CF21E250EA3] 返回结果:{"business":{},"code":"000002","msg":"登录失败!密码错误!","responseHead":{"applicationName":"SYSTEM","operationDatetime":1538964000683},"status":"F","success":false}
2018-10-08 10:00:00.744 [http-nio-9000-exec-9] INFO  t.b.plugin.security.plugins.SecurityInterceptor - top.buukle.plugin.security.plugins.SecurityInterceptor.sendJson(SecurityInterceptor.java:236)[sid:7214040C13A10C4BE4508CF21E250EA3] 返回頁面信息: {"business":{},"code":"000002","msg":"登录失败!密码错误!","responseHead":{"applicationName":"SYSTEM","operationDatetime":1538964000683},"status":"F","success":false}
2018-10-08 10:00:01.041 [PollingServerListUpdater-0] INFO  com.netflix.config.ChainedDynamicProperty - Flipping property: buukle-security.ribbon.ActiveConnectionsLimit to use NEXT property: niws.loadbalancer.availabilityFilteringRule.activeConnectionsLimit = 2147483647
2018-10-08 11:28:35.548 [main] INFO  top.buukle.consumer.CmsApplication - The following profiles are active: dev,dev-security
2018-10-08 11:28:39.029 [localhost-startStop-1] WARN  com.netflix.config.sources.URLConfigurationSource - No URLs will be polled as dynamic configuration sources.
2018-10-08 11:28:39.036 [localhost-startStop-1] INFO  com.netflix.config.sources.URLConfigurationSource - To enable URLs as dynamic configuration sources, define System property archaius.configurationSource.additionalUrls or make config.properties available on classpath.
2018-10-08 11:28:39.051 [localhost-startStop-1] INFO  com.netflix.config.DynamicPropertyFactory - DynamicPropertyFactory is initialized with configuration sources: com.netflix.config.ConcurrentCompositeConfiguration@9819eb
2018-10-08 11:28:41.211 [main] INFO  t.b.plugin.security.plugins.SecurityInterceptor - top.buukle.plugin.security.plugins.SecurityInterceptor.getDefaultValueAndPrintLog(SecurityInterceptor.java:467)[sid:[currentId=1]] buukle-security :ApplicationName 配置没有找到,将使用默认值:default applicationName
2018-10-08 11:28:41.219 [main] INFO  t.b.plugin.security.plugins.SecurityInterceptor - top.buukle.plugin.security.plugins.SecurityInterceptor.getDefaultValueAndPrintLog(SecurityInterceptor.java:467)[sid:[currentId=1]] buukle-security :DefaultMaxAge 配置没有找到,将使用默认值:300
2018-10-08 11:28:41.224 [main] INFO  t.b.plugin.security.plugins.SecurityInterceptor - top.buukle.plugin.security.plugins.SecurityInterceptor.getDefaultValueAndPrintLog(SecurityInterceptor.java:467)[sid:[currentId=1]] buukle-security :SsoDomain 配置没有找到,将使用默认值:localhost
2018-10-08 11:28:41.225 [main] INFO  t.b.plugin.security.plugins.SecurityInterceptor - top.buukle.plugin.security.plugins.SecurityInterceptor.getDefaultValueAndPrintLog(SecurityInterceptor.java:467)[sid:[currentId=1]] buukle-security :LoginOutStrategy 配置没有找到,将使用默认值:1
2018-10-08 11:28:41.231 [main] INFO  t.b.plugin.security.plugins.SecurityInterceptor - top.buukle.plugin.security.plugins.SecurityInterceptor.getDefaultValueAndPrintLog(SecurityInterceptor.java:467)[sid:[currentId=1]] buukle-security :VerificationCodeKey 配置没有找到,将使用默认值:verificationCode
2018-10-08 11:28:41.233 [main] INFO  t.b.plugin.security.plugins.SecurityInterceptor - top.buukle.plugin.security.plugins.SecurityInterceptor.getDefaultValueAndPrintLog(SecurityInterceptor.java:467)[sid:[currentId=1]] buukle-security :CaCheStrategyKey 配置没有找到,将使用默认值:caCheStrategy
2018-10-08 11:28:41.234 [main] INFO  t.b.plugin.security.plugins.SecurityInterceptor - top.buukle.plugin.security.plugins.SecurityInterceptor.getDefaultValueAndPrintLog(SecurityInterceptor.java:467)[sid:[currentId=1]] buukle-security :OpenAuth 配置没有找到,将使用默认值:1
2018-10-08 11:28:41.234 [main] INFO  t.b.plugin.security.plugins.SecurityInterceptor - top.buukle.plugin.security.plugins.SecurityInterceptor.getDefaultValueAndPrintLog(SecurityInterceptor.java:467)[sid:[currentId=1]] buukle-security :CloseVerification 配置没有找到,将使用默认值:0
2018-10-08 11:28:41.235 [main] INFO  t.b.plugin.security.plugins.SecurityInterceptor - top.buukle.plugin.security.plugins.SecurityInterceptor.getDefaultValueAndPrintLog(SecurityInterceptor.java:467)[sid:[currentId=1]] buukle-security :VerificationImgPath 配置没有找到,将使用默认值:/getVerificationImg
2018-10-08 11:28:41.235 [main] INFO  t.b.plugin.security.plugins.SecurityInterceptor - top.buukle.plugin.security.plugins.SecurityInterceptor.getDefaultValueAndPrintLog(SecurityInterceptor.java:467)[sid:[currentId=1]] buukle-security :DoLoginPath 配置没有找到,将使用默认值:/doLogin
2018-10-08 11:28:41.236 [main] INFO  t.b.plugin.security.plugins.SecurityInterceptor - top.buukle.plugin.security.plugins.SecurityInterceptor.getDefaultValueAndPrintLog(SecurityInterceptor.java:467)[sid:[currentId=1]] buukle-security :LoginPath 配置没有找到,将使用默认值:/login
2018-10-08 11:28:41.236 [main] INFO  t.b.plugin.security.plugins.SecurityInterceptor - top.buukle.plugin.security.plugins.SecurityInterceptor.getDefaultValueAndPrintLog(SecurityInterceptor.java:467)[sid:[currentId=1]] buukle-security :IndexPath 配置没有找到,将使用默认值:/index
2018-10-08 11:28:41.243 [main] INFO  t.b.plugin.security.plugins.SecurityInterceptor - top.buukle.plugin.security.plugins.SecurityInterceptor.getDefaultValueAndPrintLog(SecurityInterceptor.java:467)[sid:[currentId=1]] buukle-security :OutOfTimePath 配置没有找到,将使用默认值:/outOfTime
2018-10-08 11:28:41.244 [main] INFO  t.b.plugin.security.plugins.SecurityInterceptor - top.buukle.plugin.security.plugins.SecurityInterceptor.getDefaultValueAndPrintLog(SecurityInterceptor.java:467)[sid:[currentId=1]] buukle-security :NoPermissionPath 配置没有找到,将使用默认值:/noPermission
2018-10-08 11:28:41.244 [main] INFO  t.b.plugin.security.plugins.SecurityInterceptor - top.buukle.plugin.security.plugins.SecurityInterceptor.getDefaultValueAndPrintLog(SecurityInterceptor.java:467)[sid:[currentId=1]] buukle-security :ErrorPagePath 配置没有找到,将使用默认值:/errors
2018-10-08 11:28:41.245 [main] INFO  t.b.plugin.security.plugins.SecurityInterceptor - top.buukle.plugin.security.plugins.SecurityInterceptor.getDefaultValueAndPrintLog(SecurityInterceptor.java:467)[sid:[currentId=1]] buukle-security :LogoutPath 配置没有找到,将使用默认值:/logout
2018-10-08 11:28:41.245 [main] INFO  t.b.plugin.security.plugins.SecurityInterceptor - top.buukle.plugin.security.plugins.SecurityInterceptor.getDefaultValueAndPrintLog(SecurityInterceptor.java:467)[sid:[currentId=1]] buukle-security :LoginViewName 配置没有找到,将使用默认值:login
2018-10-08 11:28:41.246 [main] INFO  t.b.plugin.security.plugins.SecurityInterceptor - top.buukle.plugin.security.plugins.SecurityInterceptor.getDefaultValueAndPrintLog(SecurityInterceptor.java:467)[sid:[currentId=1]] buukle-security :IndexViewName 配置没有找到,将使用默认值:index
2018-10-08 11:28:41.247 [main] INFO  t.b.plugin.security.plugins.SecurityInterceptor - top.buukle.plugin.security.plugins.SecurityInterceptor.getDefaultValueAndPrintLog(SecurityInterceptor.java:467)[sid:[currentId=1]] buukle-security :OutOfTimeViewName 配置没有找到,将使用默认值:outOfTime
2018-10-08 11:28:41.247 [main] INFO  t.b.plugin.security.plugins.SecurityInterceptor - top.buukle.plugin.security.plugins.SecurityInterceptor.getDefaultValueAndPrintLog(SecurityInterceptor.java:467)[sid:[currentId=1]] buukle-security :noPermissionViewName 配置没有找到,将使用默认值:noPermission
2018-10-08 11:28:41.248 [main] INFO  t.b.plugin.security.plugins.SecurityInterceptor - top.buukle.plugin.security.plugins.SecurityInterceptor.getDefaultValueAndPrintLog(SecurityInterceptor.java:467)[sid:[currentId=1]] buukle-security :ErrorPageViewName 配置没有找到,将使用默认值:error
2018-10-08 11:28:41.248 [main] INFO  t.b.plugin.security.plugins.SecurityInterceptor - top.buukle.plugin.security.plugins.SecurityInterceptor.getDefaultValueAndPrintLog(SecurityInterceptor.java:467)[sid:[currentId=1]] buukle-security :LogoutViewName 配置没有找到,将使用默认值:index
2018-10-08 11:28:41.280 [main] WARN  com.netflix.config.sources.URLConfigurationSource - No URLs will be polled as dynamic configuration sources.
2018-10-08 11:28:41.280 [main] INFO  com.netflix.config.sources.URLConfigurationSource - To enable URLs as dynamic configuration sources, define System property archaius.configurationSource.additionalUrls or make config.properties available on classpath.
2018-10-08 11:28:44.472 [main] INFO  com.netflix.discovery.DiscoveryClient - Initializing Eureka in region us-east-1
2018-10-08 11:28:44.720 [main] INFO  c.n.discovery.provider.DiscoveryJerseyProvider - Using JSON encoding codec LegacyJacksonJson
2018-10-08 11:28:44.721 [main] INFO  c.n.discovery.provider.DiscoveryJerseyProvider - Using JSON decoding codec LegacyJacksonJson
2018-10-08 11:28:44.984 [main] INFO  c.n.discovery.provider.DiscoveryJerseyProvider - Using XML encoding codec XStreamXml
2018-10-08 11:28:44.990 [main] INFO  c.n.discovery.provider.DiscoveryJerseyProvider - Using XML decoding codec XStreamXml
2018-10-08 11:28:45.347 [main] INFO  com.netflix.discovery.DiscoveryClient - Disable delta property : false
2018-10-08 11:28:45.348 [main] INFO  com.netflix.discovery.DiscoveryClient - Single vip registry refresh property : null
2018-10-08 11:28:45.349 [main] INFO  com.netflix.discovery.DiscoveryClient - Force full registry fetch : false
2018-10-08 11:28:45.356 [main] INFO  com.netflix.discovery.DiscoveryClient - Application is null : false
2018-10-08 11:28:45.356 [main] INFO  com.netflix.discovery.DiscoveryClient - Registered Applications size is zero : true
2018-10-08 11:28:45.356 [main] INFO  com.netflix.discovery.DiscoveryClient - Application version is -1: true
2018-10-08 11:28:45.356 [main] INFO  com.netflix.discovery.DiscoveryClient - Getting all instance registry info from the eureka server
2018-10-08 11:28:45.599 [main] INFO  com.netflix.discovery.DiscoveryClient - The response status is 200
2018-10-08 11:28:45.603 [main] INFO  com.netflix.discovery.DiscoveryClient - Starting heartbeat executor: renew interval is: 30
2018-10-08 11:28:45.605 [main] INFO  com.netflix.discovery.InstanceInfoReplicator - InstanceInfoReplicator onDemand update allowed rate per min is 4
2018-10-08 11:28:45.610 [main] INFO  com.netflix.discovery.DiscoveryClient - Discovery Client initialized at timestamp 1538969325609 with initial instances count: 2
2018-10-08 11:28:45.624 [main] INFO  com.netflix.discovery.DiscoveryClient - Saw local status change event StatusChangeEvent [timestamp=1538969325624, current=UP, previous=STARTING]
2018-10-08 11:28:45.626 [DiscoveryClient-InstanceInfoReplicator-0] INFO  com.netflix.discovery.DiscoveryClient - DiscoveryClient_BUUKLE-CMS/ELVIN-WORK-PC:buukle-cms:9000: registering service...
2018-10-08 11:28:45.683 [DiscoveryClient-InstanceInfoReplicator-0] INFO  com.netflix.discovery.DiscoveryClient - DiscoveryClient_BUUKLE-CMS/ELVIN-WORK-PC:buukle-cms:9000 - registration status: 204
2018-10-08 11:28:45.689 [main] INFO  top.buukle.consumer.CmsApplication - Started CmsApplication in 11.709 seconds (JVM running for 12.423)
2018-10-08 11:29:04.506 [http-nio-9000-exec-3] INFO  com.alibaba.druid.pool.DruidDataSource - {dataSource-1} inited
2018-10-08 11:29:04.573 [http-nio-9000-exec-3] INFO  top.buukle.common.aop.InvokerAspect - top.buukle.common.aop.InvokerAspect.logging(InvokerAspect.java:63)[sid:65C1325264358AD20E7FD12A5F5A2C75] com.sun.proxy.$Proxy133调用:/api/security/user/doLogin接口开始:
2018-10-08 11:29:04.613 [http-nio-9000-exec-3] INFO  top.buukle.common.aop.InvokerAspect - top.buukle.common.aop.InvokerAspect.logging(InvokerAspect.java:64)[sid:65C1325264358AD20E7FD12A5F5A2C75] 请求参数:{"expandParameterString":"300","info":{"loginStrategy":0,"password":"c4ca4238a0b923820dcc509a6f75849b","username":"1"},"requestHead":{"applicationName":"default applicationName","operationDatetime":1538969344558,"operationId":"-1","operationLoginName":"authenticationOrLoginSystem"}}
2018-10-08 11:29:04.989 [http-nio-9000-exec-3] INFO  com.netflix.config.ChainedDynamicProperty - Flipping property: buukle-security.ribbon.ActiveConnectionsLimit to use NEXT property: niws.loadbalancer.availabilityFilteringRule.activeConnectionsLimit = 2147483647
2018-10-08 11:29:05.021 [http-nio-9000-exec-3] INFO  com.netflix.util.concurrent.ShutdownEnabledTimer - Shutdown hook installed for: NFLoadBalancer-PingTimer-buukle-security
2018-10-08 11:29:05.047 [http-nio-9000-exec-3] INFO  com.netflix.loadbalancer.BaseLoadBalancer - Client: buukle-security instantiated a LoadBalancer: DynamicServerListLoadBalancer:{NFLoadBalancer:name=buukle-security,current list of Servers=[],Load balancer stats=Zone stats: {},Server stats: []}ServerList:null
2018-10-08 11:29:05.054 [http-nio-9000-exec-3] INFO  c.n.loadbalancer.DynamicServerListLoadBalancer - Using serverListUpdater PollingServerListUpdater
2018-10-08 11:29:05.105 [http-nio-9000-exec-3] INFO  com.netflix.config.ChainedDynamicProperty - Flipping property: buukle-security.ribbon.ActiveConnectionsLimit to use NEXT property: niws.loadbalancer.availabilityFilteringRule.activeConnectionsLimit = 2147483647
2018-10-08 11:29:05.114 [http-nio-9000-exec-3] INFO  c.n.loadbalancer.DynamicServerListLoadBalancer - DynamicServerListLoadBalancer for client buukle-security initialized: DynamicServerListLoadBalancer:{NFLoadBalancer:name=buukle-security,current list of Servers=[localhost:9500],Load balancer stats=Zone stats: {defaultzone=[Zone:defaultzone;	Instance count:1;	Active connections count: 0;	Circuit breaker tripped count: 0;	Active connections per server: 0.0;]
},Server stats: [[Server:localhost:9500;	Zone:defaultZone;	Total Requests:0;	Successive connection failure:0;	Total blackout seconds:0;	Last connection made:Thu Jan 01 08:00:00 CST 1970;	First connection made: Thu Jan 01 08:00:00 CST 1970;	Active Connections:0;	total failure count in last (1000) msecs:0;	average resp time:0.0;	90 percentile resp time:0.0;	95 percentile resp time:0.0;	min resp time:0.0;	max resp time:0.0;	stddev resp time:0.0]
]}ServerList:org.springframework.cloud.netflix.ribbon.eureka.DomainExtractingServerList@c5493c
2018-10-08 11:29:05.832 [http-nio-9000-exec-3] INFO  top.buukle.common.aop.InvokerAspect - top.buukle.common.aop.InvokerAspect.doAfterReturnint(InvokerAspect.java:79)[sid:65C1325264358AD20E7FD12A5F5A2C75] com.sun.proxy.$Proxy133调用/api/security/user/doLogin接口结束:
2018-10-08 11:29:05.839 [http-nio-9000-exec-3] INFO  top.buukle.common.aop.InvokerAspect - top.buukle.common.aop.InvokerAspect.doAfterReturnint(InvokerAspect.java:80)[sid:65C1325264358AD20E7FD12A5F5A2C75] 返回结果:{"business":{},"code":"000002","msg":"登录失败!密码错误!","responseHead":{"applicationName":"SYSTEM","operationDatetime":1538969345765},"status":"F","success":false}
2018-10-08 11:29:05.855 [http-nio-9000-exec-3] INFO  t.b.plugin.security.plugins.SecurityInterceptor - top.buukle.plugin.security.plugins.SecurityInterceptor.sendJson(SecurityInterceptor.java:236)[sid:65C1325264358AD20E7FD12A5F5A2C75] 返回頁面信息: {"business":{},"code":"000002","msg":"登录失败!密码错误!","responseHead":{"applicationName":"SYSTEM","operationDatetime":1538969345765},"status":"F","success":false}
2018-10-08 11:29:06.060 [PollingServerListUpdater-0] INFO  com.netflix.config.ChainedDynamicProperty - Flipping property: buukle-security.ribbon.ActiveConnectionsLimit to use NEXT property: niws.loadbalancer.availabilityFilteringRule.activeConnectionsLimit = 2147483647
2018-10-08 11:30:32.167 [http-nio-9000-exec-4] INFO  top.buukle.common.aop.InvokerAspect - top.buukle.common.aop.InvokerAspect.logging(InvokerAspect.java:63)[sid:65C1325264358AD20E7FD12A5F5A2C75] com.sun.proxy.$Proxy133调用:/api/security/user/doLogin接口开始:
2018-10-08 11:30:32.168 [http-nio-9000-exec-4] INFO  top.buukle.common.aop.InvokerAspect - top.buukle.common.aop.InvokerAspect.logging(InvokerAspect.java:64)[sid:65C1325264358AD20E7FD12A5F5A2C75] 请求参数:{"expandParameterString":"300","info":{"loginStrategy":0,"password":"c4ca4238a0b923820dcc509a6f75849b","username":"1"},"requestHead":{"applicationName":"default applicationName","operationDatetime":1538969432166,"operationId":"-1","operationLoginName":"authenticationOrLoginSystem"}}
2018-10-08 11:30:32.453 [http-nio-9000-exec-4] INFO  top.buukle.common.aop.InvokerAspect - top.buukle.common.aop.InvokerAspect.doAfterReturnint(InvokerAspect.java:79)[sid:65C1325264358AD20E7FD12A5F5A2C75] com.sun.proxy.$Proxy133调用/api/security/user/doLogin接口结束:
2018-10-08 11:30:32.460 [http-nio-9000-exec-4] INFO  top.buukle.common.aop.InvokerAspect - top.buukle.common.aop.InvokerAspect.doAfterReturnint(InvokerAspect.java:80)[sid:65C1325264358AD20E7FD12A5F5A2C75] 返回结果:{"business":{"dataList":["dddab03efbf24f6e860428cb0d826c81"],"status":"S"},"responseHead":{"applicationName":"SYSTEM","operationDatetime":1538969432432},"status":"S","success":true}
2018-10-08 11:30:32.490 [http-nio-9000-exec-4] INFO  top.buukle.plugin.security.util.CookieUtil - top.buukle.plugin.security.util.CookieUtil.addLocalCookieWithAWeekTime(CookieUtil.java:76)[sid:65C1325264358AD20E7FD12A5F5A2C75] 调用 CookieUtil addLocalCookieWithAWeekTime  接口，请求参数 domainHostAndPort： localhost
2018-10-08 11:30:32.497 [http-nio-9000-exec-4] INFO  top.buukle.plugin.security.util.CookieUtil - top.buukle.plugin.security.util.CookieUtil.addLocalCookieWithAWeekTime(CookieUtil.java:79)[sid:65C1325264358AD20E7FD12A5F5A2C75] domian 值 ： domainlocalhost 
2018-10-08 11:30:32.516 [http-nio-9000-exec-4] INFO  t.b.plugin.security.plugins.SecurityInterceptor - top.buukle.plugin.security.plugins.SecurityInterceptor.sendJson(SecurityInterceptor.java:236)[sid:65C1325264358AD20E7FD12A5F5A2C75] 返回頁面信息: {"business":{"dataList":["dddab03efbf24f6e860428cb0d826c81"],"status":"S"},"responseHead":{"applicationName":"SYSTEM","operationDatetime":1538969432432},"status":"S","success":true}
