2019-08-08 11:38:50.253 [JavaFX Application Thread] INFO  DatabaseConfig.java->getConnection, line81: using connection url:jdbc:mysql:// localhost:3654/buukle-security?useUnicode=true&useSSL=false&characterEncoding=utf8&serverTimezone=UTC&allowPublicKeyRetrieval=true
2019-08-08 11:42:08.450 [JavaFX Application Thread] INFO  MBGRunner.java->initPluginConfigs, line247: 配置:projectDir,值：C:\Users\zhanglei1102\Desktop\elvin.code\github\buukle\buukle-main\buukle-security,,plugin:com.spawpaw.mybatis.generator.gui.plugin.SCVXGeneratorPlugin   key:
2019-08-08 11:42:08.451 [JavaFX Application Thread] INFO  MBGRunner.java->initPluginConfigs, line247: 配置:basePackage,值：top.buukle.security,,plugin:com.spawpaw.mybatis.generator.gui.plugin.SCVXGeneratorPlugin   key:
2019-08-08 11:42:08.452 [JavaFX Application Thread] INFO  MBGRunner.java->initPluginConfigs, line247: 配置:mapperDir,值：src/main/resources,,plugin:com.spawpaw.mybatis.generator.gui.plugin.SCVXGeneratorPlugin   key:
2019-08-08 11:42:08.452 [JavaFX Application Thread] INFO  MBGRunner.java->initPluginConfigs, line247: 配置:mapperPackage,值：/config/mapper,,plugin:com.spawpaw.mybatis.generator.gui.plugin.SCVXGeneratorPlugin   key:
2019-08-08 11:42:08.452 [JavaFX Application Thread] INFO  MBGRunner.java->initPluginConfigs, line247: 配置:daoDir,值：src/main/java,,plugin:com.spawpaw.mybatis.generator.gui.plugin.SCVXGeneratorPlugin   key:
2019-08-08 11:42:08.453 [JavaFX Application Thread] INFO  MBGRunner.java->initPluginConfigs, line247: 配置:daoPackage,值：top.buukle.security.dao,,plugin:com.spawpaw.mybatis.generator.gui.plugin.SCVXGeneratorPlugin   key:
2019-08-08 11:42:08.453 [JavaFX Application Thread] INFO  MBGRunner.java->initPluginConfigs, line247: 配置:daoObjName,值：RoleMapper,,plugin:com.spawpaw.mybatis.generator.gui.plugin.SCVXGeneratorPlugin   key:
2019-08-08 11:42:08.454 [JavaFX Application Thread] INFO  MBGRunner.java->initPluginConfigs, line247: 配置:logicalDeleteColumn,值：IS_DELETE,,plugin:com.itfsw.mybatis.generator.plugins.LogicalDeletePlugin   key:
2019-08-08 11:42:08.454 [JavaFX Application Thread] INFO  MBGRunner.java->initPluginConfigs, line247: 配置:logicalDeleteValue,值：1,,plugin:com.itfsw.mybatis.generator.plugins.LogicalDeletePlugin   key:
2019-08-08 11:42:08.456 [JavaFX Application Thread] INFO  MBGRunner.java->initPluginConfigs, line247: 配置:logicalUnDeleteValue,值：0,,plugin:com.itfsw.mybatis.generator.plugins.LogicalDeletePlugin   key:
2019-08-08 11:42:08.456 [JavaFX Application Thread] INFO  MBGRunner.java->initPluginConfigs, line247: 配置:logicalDeleteConstName,值：DELETED,,plugin:com.itfsw.mybatis.generator.plugins.LogicalDeletePlugin   key:
2019-08-08 11:42:08.456 [JavaFX Application Thread] INFO  MBGRunner.java->initPluginConfigs, line247: 配置:logicalUnDeleteConstName,值：NOT_DELETED,,plugin:com.itfsw.mybatis.generator.plugins.LogicalDeletePlugin   key:
2019-08-08 11:42:08.457 [JavaFX Application Thread] INFO  MBGRunner.java->initPluginConfigs, line247: 配置:entityDir,值：src/main/java,,plugin:com.spawpaw.mybatis.generator.gui.plugin.SCVXGeneratorPlugin   key:
2019-08-08 11:42:08.457 [JavaFX Application Thread] INFO  MBGRunner.java->initPluginConfigs, line247: 配置:entityPackage,值：top.buukle.security.entity,,plugin:com.spawpaw.mybatis.generator.gui.plugin.SCVXGeneratorPlugin   key:
2019-08-08 11:42:08.459 [JavaFX Application Thread] INFO  MBGRunner.java->initPluginConfigs, line247: 配置:entityObjName,值：Role,,plugin:com.spawpaw.mybatis.generator.gui.plugin.SCVXGeneratorPlugin   key:
2019-08-08 11:42:08.459 [JavaFX Application Thread] INFO  MBGRunner.java->initPluginConfigs, line247: 配置:exampleSearchString,值：[a-zA-Z0-9$]+$,,plugin:org.mybatis.generator.plugins.RenameExampleClassPlugin   key:searchString
2019-08-08 11:42:08.459 [JavaFX Application Thread] INFO  MBGRunner.java->initPluginConfigs, line247: 配置:exampleObjName,值：RoleExample,,plugin:com.spawpaw.mybatis.generator.gui.plugin.SCVXGeneratorPlugin   key:
2019-08-08 11:42:08.461 [JavaFX Application Thread] INFO  MBGRunner.java->initPluginConfigs, line247: 配置:exampleObjName,值：RoleExample,,plugin:org.mybatis.generator.plugins.RenameExampleClassPlugin   key:replaceString
2019-08-08 11:42:08.461 [JavaFX Application Thread] INFO  MBGRunner.java->initPluginConfigs, line247: 配置:primaryKey,值：,,plugin:com.spawpaw.mybatis.generator.gui.plugin.SCVXGeneratorPlugin   key:
2019-08-08 11:42:08.461 [JavaFX Application Thread] INFO  MBGRunner.java->initPluginConfigs, line247: 配置:enableVirtualPrimaryKeyPlugin,值：,,plugin:org.mybatis.generator.plugins.VirtualPrimaryKeyPlugin   key:virtualKeyColumns
2019-08-08 11:42:08.462 [JavaFX Application Thread] INFO  MBGRunner.java->initPluginConfigs, line247: 配置:generateJPA,值：false,,plugin:com.spawpaw.mybatis.generator.gui.plugin.CommentPlugin   key:
2019-08-08 11:42:08.462 [JavaFX Application Thread] INFO  MBGRunner.java->initPluginConfigs, line247: 配置:useToStringFromRoot,值：false,,plugin:org.mybatis.generator.plugins.ToStringPlugin   key:useToStringFromRoot
2019-08-08 11:42:08.464 [JavaFX Application Thread] INFO  MBGRunner.java->initPluginConfigs, line247: 配置:useEqualsHashCodeFromRoot,值：false,,plugin:org.mybatis.generator.plugins.EqualsHashCodePlugin   key:useEqualsHashCodeFromRoot
2019-08-08 11:42:08.464 [JavaFX Application Thread] INFO  MBGRunner.java->initPluginConfigs, line247: 配置:enableComment,值：true,,plugin:com.spawpaw.mybatis.generator.gui.plugin.CommentPlugin   key:
2019-08-08 11:42:08.465 [JavaFX Application Thread] INFO  MBGRunner.java->initPluginConfigs, line247: 配置:enableMbgGenerated,值：true,,plugin:com.spawpaw.mybatis.generator.gui.plugin.CommentPlugin   key:
2019-08-08 11:42:08.465 [JavaFX Application Thread] INFO  MBGRunner.java->initPluginConfigs, line247: 配置:enableCorrespondingTable,值：false,,plugin:com.spawpaw.mybatis.generator.gui.plugin.CommentPlugin   key:
2019-08-08 11:42:08.466 [JavaFX Application Thread] INFO  MBGRunner.java->initPluginConfigs, line247: 配置:fileHeader,值：/**
 * Created By MBG-GUI-EXTENSION https:// github.com/spawpaw/mybatis-generator-gui-extension
 * Description:
 * ${tableComment}
 *
 * @author 
 */,,plugin:com.spawpaw.mybatis.generator.gui.plugin.CommentPlugin   key:
2019-08-08 11:42:08.466 [JavaFX Application Thread] INFO  MBGRunner.java->initPluginConfigs, line247: 配置:cache_eviction,值：,,plugin:org.mybatis.generator.plugins.CachePlugin   key:
2019-08-08 11:42:08.467 [JavaFX Application Thread] INFO  MBGRunner.java->initPluginConfigs, line247: 配置:cache_flushInterval,值：,,plugin:org.mybatis.generator.plugins.CachePlugin   key:
2019-08-08 11:42:08.468 [JavaFX Application Thread] INFO  MBGRunner.java->initPluginConfigs, line247: 配置:cache_readOnly,值：,,plugin:org.mybatis.generator.plugins.CachePlugin   key:
2019-08-08 11:42:08.469 [JavaFX Application Thread] INFO  MBGRunner.java->initPluginConfigs, line247: 配置:cache_size,值：,,plugin:org.mybatis.generator.plugins.CachePlugin   key:
2019-08-08 11:42:08.469 [JavaFX Application Thread] INFO  MBGRunner.java->initPluginConfigs, line247: 配置:cache_type,值：,,plugin:org.mybatis.generator.plugins.CachePlugin   key:
2019-08-08 11:42:08.470 [JavaFX Application Thread] INFO  MBGRunner.java->initPluginConfigs, line247: 配置:scvxConfigYml,值：# 每项配置有以下四个属性：
# template:    模板文件名
# destDir:     目标文件夹
# destPackage: 目标包
# destFileName:目标文件名
#
# 支持如下变量：
# ${basePackage}  在创建文件时该变量将替换为根包名
# ${entityName}   在创建文件时该变量将替换为实体名
templateConfig:

  # Controller
  - template: java/controller.vm
    destDir: modulePrefix-controller/src/main/java
    destPackage: ${basePackage}.controller
    destFileName: ${entityName}Controller.java

  # Service
  - template: java/service.vm
    destDir:  modulePrefix-service/src/main/java
    destPackage: ${basePackage}.service
    destFileName: ${entityName}Service.java

  # ServiceImpl
  - template: java/serviceImpl.vm
    destDir: modulePrefix-service/src/main/java
    destPackage: ${basePackage}.service.impl
    destFileName: ${entityName}ServiceImpl.java

  # queryVo
  - template: java/query.vm
    destDir: modulePrefix-entity/src/main/java
    destPackage: ${basePackage}.entity.vo
    destFileName: ${entityName}Query.java

  # enums
  - template: java/enums.vm
    destDir: modulePrefix-service/src/main/java
    destPackage: ${basePackage}.service.constants
    destFileName: ${entityName}Enums.java

  # home
  - template: html/home.vm
    destDir: modulePrefix-web/src/main/resources/templates/security
    destPackage: ${entityLowerCamel}
    destFileName: ${entityLowerCamel}Home.html

  # page
  - template: html/page.vm
    destDir: modulePrefix-web/src/main/resources/templates/security
    destPackage: ${entityLowerCamel}
    destFileName: ${entityLowerCamel}Page.html

  # crudView
  - template: html/crudView.vm
    destDir: modulePrefix-web/src/main/resources/templates/security
    destPackage: ${entityLowerCamel}
    destFileName: ${entityLowerCamel}CrudView.html



,,plugin:com.spawpaw.mybatis.generator.gui.plugin.SCVXGeneratorPlugin   key:
2019-08-08 11:42:08.471 [JavaFX Application Thread] INFO  MBGRunner.java->addPlugins, line266: 启用插件：org.mybatis.generator.plugins.FluentBuilderMethodsPlugin
2019-08-08 11:42:08.474 [JavaFX Application Thread] INFO  MBGRunner.java->addPlugins, line266: 启用插件：org.mybatis.generator.plugins.MapperAnnotationPlugin
2019-08-08 11:42:08.475 [JavaFX Application Thread] INFO  MBGRunner.java->addPlugins, line266: 启用插件：org.mybatis.generator.plugins.ToStringPlugin
2019-08-08 11:42:08.476 [JavaFX Application Thread] INFO  MBGRunner.java->addPlugins, line266: 启用插件：org.mybatis.generator.plugins.SerializablePlugin
2019-08-08 11:42:08.476 [JavaFX Application Thread] INFO  MBGRunner.java->addPlugins, line266: 启用插件：org.mybatis.generator.plugins.CaseInsensitiveLikePlugin
2019-08-08 11:42:08.478 [JavaFX Application Thread] INFO  MBGRunner.java->addPlugins, line266: 启用插件：com.itfsw.mybatis.generator.plugins.ExampleEnhancedPlugin
2019-08-08 11:42:08.478 [JavaFX Application Thread] INFO  MBGRunner.java->addPlugins, line266: 启用插件：org.mybatis.generator.plugins.EqualsHashCodePlugin
2019-08-08 11:42:08.478 [JavaFX Application Thread] INFO  MBGRunner.java->addPlugins, line266: 启用插件：org.mybatis.generator.plugins.RenameExampleClassPlugin
2019-08-08 11:42:08.493 [JavaFX Application Thread] INFO  DatabaseConfig.java->getConnection, line81: using connection url:jdbc:mysql:// localhost:3654/buukle-security?useUnicode=true&useSSL=false&characterEncoding=utf8&serverTimezone=UTC&allowPublicKeyRetrieval=true
2019-08-08 11:42:08.525 [JavaFX Application Thread] INFO  DatabaseConfig.java->catalog, line55: catalog:buukle-security
2019-08-08 11:42:08.527 [JavaFX Application Thread] INFO  DatabaseConfig.java->getConnection, line81: using connection url:jdbc:mysql:// localhost:3654/buukle-security?useUnicode=true&useSSL=false&characterEncoding=utf8&serverTimezone=UTC&allowPublicKeyRetrieval=true
2019-08-08 11:42:08.543 [JavaFX Application Thread] INFO  DatabaseConfig.java->getConnection, line81: using connection url:jdbc:mysql:// localhost:3654/buukle-security?useUnicode=true&useSSL=false&characterEncoding=utf8&serverTimezone=UTC&allowPublicKeyRetrieval=true
2019-08-08 11:42:08.564 [JavaFX Application Thread] INFO  DatabaseConfig.java->schema, line60: schema:null
2019-08-08 11:42:08.565 [JavaFX Application Thread] INFO  DatabaseConfig.java->getConnection, line81: using connection url:jdbc:mysql:// localhost:3654/buukle-security?useUnicode=true&useSSL=false&characterEncoding=utf8&serverTimezone=UTC&allowPublicKeyRetrieval=true
2019-08-08 11:42:39.769 [JavaFX Application Thread] INFO  MBGRunner.java->initPluginConfigs, line247: 配置:projectDir,值：D:\Java_dev_pro_repo\aliClound_git_repo\myPro\private_pro\github\buukle\buukle-main\buukle-security,,plugin:com.spawpaw.mybatis.generator.gui.plugin.SCVXGeneratorPlugin   key:
2019-08-08 11:42:39.771 [JavaFX Application Thread] INFO  MBGRunner.java->initPluginConfigs, line247: 配置:basePackage,值：top.buukle.security,,plugin:com.spawpaw.mybatis.generator.gui.plugin.SCVXGeneratorPlugin   key:
2019-08-08 11:42:39.772 [JavaFX Application Thread] INFO  MBGRunner.java->initPluginConfigs, line247: 配置:mapperDir,值：src/main/resources,,plugin:com.spawpaw.mybatis.generator.gui.plugin.SCVXGeneratorPlugin   key:
2019-08-08 11:42:39.773 [JavaFX Application Thread] INFO  MBGRunner.java->initPluginConfigs, line247: 配置:mapperPackage,值：/config/mapper,,plugin:com.spawpaw.mybatis.generator.gui.plugin.SCVXGeneratorPlugin   key:
2019-08-08 11:42:39.774 [JavaFX Application Thread] INFO  MBGRunner.java->initPluginConfigs, line247: 配置:daoDir,值：src/main/java,,plugin:com.spawpaw.mybatis.generator.gui.plugin.SCVXGeneratorPlugin   key:
2019-08-08 11:42:39.775 [JavaFX Application Thread] INFO  MBGRunner.java->initPluginConfigs, line247: 配置:daoPackage,值：top.buukle.security.dao,,plugin:com.spawpaw.mybatis.generator.gui.plugin.SCVXGeneratorPlugin   key:
2019-08-08 11:42:39.776 [JavaFX Application Thread] INFO  MBGRunner.java->initPluginConfigs, line247: 配置:daoObjName,值：RoleMapper,,plugin:com.spawpaw.mybatis.generator.gui.plugin.SCVXGeneratorPlugin   key:
2019-08-08 11:42:39.776 [JavaFX Application Thread] INFO  MBGRunner.java->initPluginConfigs, line247: 配置:logicalDeleteColumn,值：IS_DELETE,,plugin:com.itfsw.mybatis.generator.plugins.LogicalDeletePlugin   key:
2019-08-08 11:42:39.777 [JavaFX Application Thread] INFO  MBGRunner.java->initPluginConfigs, line247: 配置:logicalDeleteValue,值：1,,plugin:com.itfsw.mybatis.generator.plugins.LogicalDeletePlugin   key:
2019-08-08 11:42:39.778 [JavaFX Application Thread] INFO  MBGRunner.java->initPluginConfigs, line247: 配置:logicalUnDeleteValue,值：0,,plugin:com.itfsw.mybatis.generator.plugins.LogicalDeletePlugin   key:
2019-08-08 11:42:39.779 [JavaFX Application Thread] INFO  MBGRunner.java->initPluginConfigs, line247: 配置:logicalDeleteConstName,值：DELETED,,plugin:com.itfsw.mybatis.generator.plugins.LogicalDeletePlugin   key:
2019-08-08 11:42:39.780 [JavaFX Application Thread] INFO  MBGRunner.java->initPluginConfigs, line247: 配置:logicalUnDeleteConstName,值：NOT_DELETED,,plugin:com.itfsw.mybatis.generator.plugins.LogicalDeletePlugin   key:
2019-08-08 11:42:39.781 [JavaFX Application Thread] INFO  MBGRunner.java->initPluginConfigs, line247: 配置:entityDir,值：src/main/java,,plugin:com.spawpaw.mybatis.generator.gui.plugin.SCVXGeneratorPlugin   key:
2019-08-08 11:42:39.781 [JavaFX Application Thread] INFO  MBGRunner.java->initPluginConfigs, line247: 配置:entityPackage,值：top.buukle.security.entity,,plugin:com.spawpaw.mybatis.generator.gui.plugin.SCVXGeneratorPlugin   key:
2019-08-08 11:42:39.782 [JavaFX Application Thread] INFO  MBGRunner.java->initPluginConfigs, line247: 配置:entityObjName,值：Role,,plugin:com.spawpaw.mybatis.generator.gui.plugin.SCVXGeneratorPlugin   key:
2019-08-08 11:42:39.783 [JavaFX Application Thread] INFO  MBGRunner.java->initPluginConfigs, line247: 配置:exampleSearchString,值：[a-zA-Z0-9$]+$,,plugin:org.mybatis.generator.plugins.RenameExampleClassPlugin   key:searchString
2019-08-08 11:42:39.784 [JavaFX Application Thread] INFO  MBGRunner.java->initPluginConfigs, line247: 配置:exampleObjName,值：RoleExample,,plugin:com.spawpaw.mybatis.generator.gui.plugin.SCVXGeneratorPlugin   key:
2019-08-08 11:42:39.784 [JavaFX Application Thread] INFO  MBGRunner.java->initPluginConfigs, line247: 配置:exampleObjName,值：RoleExample,,plugin:org.mybatis.generator.plugins.RenameExampleClassPlugin   key:replaceString
2019-08-08 11:42:39.785 [JavaFX Application Thread] INFO  MBGRunner.java->initPluginConfigs, line247: 配置:primaryKey,值：,,plugin:com.spawpaw.mybatis.generator.gui.plugin.SCVXGeneratorPlugin   key:
2019-08-08 11:42:39.786 [JavaFX Application Thread] INFO  MBGRunner.java->initPluginConfigs, line247: 配置:enableVirtualPrimaryKeyPlugin,值：,,plugin:org.mybatis.generator.plugins.VirtualPrimaryKeyPlugin   key:virtualKeyColumns
2019-08-08 11:42:39.787 [JavaFX Application Thread] INFO  MBGRunner.java->initPluginConfigs, line247: 配置:generateJPA,值：false,,plugin:com.spawpaw.mybatis.generator.gui.plugin.CommentPlugin   key:
2019-08-08 11:42:39.788 [JavaFX Application Thread] INFO  MBGRunner.java->initPluginConfigs, line247: 配置:useToStringFromRoot,值：false,,plugin:org.mybatis.generator.plugins.ToStringPlugin   key:useToStringFromRoot
2019-08-08 11:42:39.789 [JavaFX Application Thread] INFO  MBGRunner.java->initPluginConfigs, line247: 配置:useEqualsHashCodeFromRoot,值：false,,plugin:org.mybatis.generator.plugins.EqualsHashCodePlugin   key:useEqualsHashCodeFromRoot
2019-08-08 11:42:39.790 [JavaFX Application Thread] INFO  MBGRunner.java->initPluginConfigs, line247: 配置:enableComment,值：true,,plugin:com.spawpaw.mybatis.generator.gui.plugin.CommentPlugin   key:
2019-08-08 11:42:39.791 [JavaFX Application Thread] INFO  MBGRunner.java->initPluginConfigs, line247: 配置:enableMbgGenerated,值：true,,plugin:com.spawpaw.mybatis.generator.gui.plugin.CommentPlugin   key:
2019-08-08 11:42:39.791 [JavaFX Application Thread] INFO  MBGRunner.java->initPluginConfigs, line247: 配置:enableCorrespondingTable,值：false,,plugin:com.spawpaw.mybatis.generator.gui.plugin.CommentPlugin   key:
2019-08-08 11:42:39.792 [JavaFX Application Thread] INFO  MBGRunner.java->initPluginConfigs, line247: 配置:fileHeader,值：/**
 * Created By MBG-GUI-EXTENSION https:// github.com/spawpaw/mybatis-generator-gui-extension
 * Description:
 * ${tableComment}
 *
 * @author 
 */,,plugin:com.spawpaw.mybatis.generator.gui.plugin.CommentPlugin   key:
2019-08-08 11:42:39.793 [JavaFX Application Thread] INFO  MBGRunner.java->initPluginConfigs, line247: 配置:cache_eviction,值：,,plugin:org.mybatis.generator.plugins.CachePlugin   key:
2019-08-08 11:42:39.793 [JavaFX Application Thread] INFO  MBGRunner.java->initPluginConfigs, line247: 配置:cache_flushInterval,值：,,plugin:org.mybatis.generator.plugins.CachePlugin   key:
2019-08-08 11:42:39.794 [JavaFX Application Thread] INFO  MBGRunner.java->initPluginConfigs, line247: 配置:cache_readOnly,值：,,plugin:org.mybatis.generator.plugins.CachePlugin   key:
2019-08-08 11:42:39.795 [JavaFX Application Thread] INFO  MBGRunner.java->initPluginConfigs, line247: 配置:cache_size,值：,,plugin:org.mybatis.generator.plugins.CachePlugin   key:
2019-08-08 11:42:39.796 [JavaFX Application Thread] INFO  MBGRunner.java->initPluginConfigs, line247: 配置:cache_type,值：,,plugin:org.mybatis.generator.plugins.CachePlugin   key:
2019-08-08 11:42:39.796 [JavaFX Application Thread] INFO  MBGRunner.java->initPluginConfigs, line247: 配置:scvxConfigYml,值：# 每项配置有以下四个属性：
# template:    模板文件名
# destDir:     目标文件夹
# destPackage: 目标包
# destFileName:目标文件名
#
# 支持如下变量：
# ${basePackage}  在创建文件时该变量将替换为根包名
# ${entityName}   在创建文件时该变量将替换为实体名
templateConfig:

  # Controller
  - template: java/controller.vm
    destDir: modulePrefix-controller/src/main/java
    destPackage: ${basePackage}.controller
    destFileName: ${entityName}Controller.java

  # Service
  - template: java/service.vm
    destDir:  modulePrefix-service/src/main/java
    destPackage: ${basePackage}.service
    destFileName: ${entityName}Service.java

  # ServiceImpl
  - template: java/serviceImpl.vm
    destDir: modulePrefix-service/src/main/java
    destPackage: ${basePackage}.service.impl
    destFileName: ${entityName}ServiceImpl.java

  # queryVo
  - template: java/query.vm
    destDir: modulePrefix-entity/src/main/java
    destPackage: ${basePackage}.entity.vo
    destFileName: ${entityName}Query.java

  # enums
  - template: java/enums.vm
    destDir: modulePrefix-service/src/main/java
    destPackage: ${basePackage}.service.constants
    destFileName: ${entityName}Enums.java

  # home
  - template: html/home.vm
    destDir: modulePrefix-web/src/main/resources/templates/security
    destPackage: ${entityLowerCamel}
    destFileName: ${entityLowerCamel}Home.html

  # page
  - template: html/page.vm
    destDir: modulePrefix-web/src/main/resources/templates/security
    destPackage: ${entityLowerCamel}
    destFileName: ${entityLowerCamel}Page.html

  # crudView
  - template: html/crudView.vm
    destDir: modulePrefix-web/src/main/resources/templates/security
    destPackage: ${entityLowerCamel}
    destFileName: ${entityLowerCamel}CrudView.html



,,plugin:com.spawpaw.mybatis.generator.gui.plugin.SCVXGeneratorPlugin   key:
2019-08-08 11:42:39.797 [JavaFX Application Thread] INFO  MBGRunner.java->addPlugins, line266: 启用插件：org.mybatis.generator.plugins.FluentBuilderMethodsPlugin
2019-08-08 11:42:39.798 [JavaFX Application Thread] INFO  MBGRunner.java->addPlugins, line266: 启用插件：org.mybatis.generator.plugins.MapperAnnotationPlugin
2019-08-08 11:42:39.799 [JavaFX Application Thread] INFO  MBGRunner.java->addPlugins, line266: 启用插件：org.mybatis.generator.plugins.ToStringPlugin
2019-08-08 11:42:39.799 [JavaFX Application Thread] INFO  MBGRunner.java->addPlugins, line266: 启用插件：org.mybatis.generator.plugins.SerializablePlugin
2019-08-08 11:42:39.800 [JavaFX Application Thread] INFO  MBGRunner.java->addPlugins, line266: 启用插件：org.mybatis.generator.plugins.CaseInsensitiveLikePlugin
2019-08-08 11:42:39.800 [JavaFX Application Thread] INFO  MBGRunner.java->addPlugins, line266: 启用插件：com.itfsw.mybatis.generator.plugins.ExampleEnhancedPlugin
2019-08-08 11:42:39.801 [JavaFX Application Thread] INFO  MBGRunner.java->addPlugins, line266: 启用插件：org.mybatis.generator.plugins.EqualsHashCodePlugin
2019-08-08 11:42:39.802 [JavaFX Application Thread] INFO  MBGRunner.java->addPlugins, line266: 启用插件：org.mybatis.generator.plugins.RenameExampleClassPlugin
2019-08-08 11:42:39.804 [JavaFX Application Thread] INFO  DatabaseConfig.java->getConnection, line81: using connection url:jdbc:mysql:// localhost:3654/buukle-security?useUnicode=true&useSSL=false&characterEncoding=utf8&serverTimezone=UTC&allowPublicKeyRetrieval=true
2019-08-08 11:42:39.820 [JavaFX Application Thread] INFO  DatabaseConfig.java->catalog, line55: catalog:buukle-security
2019-08-08 11:42:39.821 [JavaFX Application Thread] INFO  DatabaseConfig.java->getConnection, line81: using connection url:jdbc:mysql:// localhost:3654/buukle-security?useUnicode=true&useSSL=false&characterEncoding=utf8&serverTimezone=UTC&allowPublicKeyRetrieval=true
2019-08-08 11:42:39.831 [JavaFX Application Thread] INFO  DatabaseConfig.java->getConnection, line81: using connection url:jdbc:mysql:// localhost:3654/buukle-security?useUnicode=true&useSSL=false&characterEncoding=utf8&serverTimezone=UTC&allowPublicKeyRetrieval=true
2019-08-08 11:42:39.840 [JavaFX Application Thread] INFO  DatabaseConfig.java->schema, line60: schema:null
2019-08-08 11:42:39.841 [JavaFX Application Thread] INFO  DatabaseConfig.java->getConnection, line81: using connection url:jdbc:mysql:// localhost:3654/buukle-security?useUnicode=true&useSSL=false&characterEncoding=utf8&serverTimezone=UTC&allowPublicKeyRetrieval=true
